<?xml version="1.0" encoding="UTF-8"?>
<!-- Generated by org.testng.reporters.JUnitXMLReporter -->
<testsuite ignored="1" hostname="DESKTOP-6MM3MGS" failures="0" tests="2" name="Default test" time="0.174" errors="0" timestamp="2024-02-05T10:14:00 IST">
  <testcase classname="testNGpractice.DependsOnMethods" name="trackShipment" time="0.018"/>
  <testcase classname="testNGpractice.DependsOnMethods" name="deleteShipment" time="0.005"/>
  <testcase classname="testNGpractice.DependsOnMethods" name="createShipment" time="0.0">
    <ignored/>
  </testcase> <!-- createShipment -->
</testsuite> <!-- Default test -->
