<?xml version="1.0" encoding="UTF-8"?>
<testng-results ignored="0" total="2" passed="2" failed="0" skipped="0">
  <reporter-output>
  </reporter-output>
  <suite started-at="2024-02-05T10:14:00 IST" name="Default suite" finished-at="2024-02-05T10:14:00 IST" duration-ms="174">
    <groups>
    </groups>
    <test started-at="2024-02-05T10:14:00 IST" name="Default test" finished-at="2024-02-05T10:14:00 IST" duration-ms="174">
      <class name="testNGpractice.DependsOnMethods">
        <test-method signature="trackShipment()[pri:1, instance:testNGpractice.DependsOnMethods@36fc695d]" started-at="2024-02-05T10:14:00 IST" name="trackShipment" finished-at="2024-02-05T10:14:00 IST" depends-on-methods="testNGpractice.DependsOnMethods.createShipment" duration-ms="18" status="PASS">
          <reporter-output>
          </reporter-output>
        </test-method> <!-- trackShipment -->
        <test-method signature="deleteShipment()[pri:3, instance:testNGpractice.DependsOnMethods@36fc695d]" started-at="2024-02-05T10:14:00 IST" name="deleteShipment" finished-at="2024-02-05T10:14:00 IST" depends-on-methods="testNGpractice.DependsOnMethods.createShipment, testNGpractice.DependsOnMethods.trackShipment" duration-ms="5" status="PASS">
          <reporter-output>
          </reporter-output>
        </test-method> <!-- deleteShipment -->
      </class> <!-- testNGpractice.DependsOnMethods -->
    </test> <!-- Default test -->
  </suite> <!-- Default suite -->
</testng-results>
